<?xml version="1.0" encoding="UTF-8"?>
<robot generator="Robot 7.0.1 (Python 3.11.5 on win32)" generated="2024-09-05T12:29:23.746456" rpa="false" schemaversion="5">
<suite id="s1" name="Robot" source="C:\Users\premsai.sameer_karki\Desktop\Projects\git_lab_repos\fhir-bridge\fhir-bridge-server\tests\robot">
<suite id="s1-s1" name="BUNDLE" source="C:\Users\premsai.sameer_karki\Desktop\Projects\git_lab_repos\fhir-bridge\fhir-bridge-server\tests\robot\BUNDLE">
<suite id="s1-s1-s1" name="Fhir Bridge Validation" source="C:\Users\premsai.sameer_karki\Desktop\Projects\git_lab_repos\fhir-bridge\fhir-bridge-server\tests\robot\BUNDLE\fhir_bridge_validation.robot">
<test id="s1-s1-s1-t1" name="001 Create FHIR Bundles" line="26">
<kw name="fhirbridge.load test cases from json" type="SETUP">
<msg time="2024-09-05T12:29:23.825083" level="FAIL">No keyword with name 'fhirbridge.load test cases from json' found.</msg>
<status status="FAIL" start="2024-09-05T12:29:23.825083" elapsed="0.000000">No keyword with name 'fhirbridge.load test cases from json' found.</status>
</kw>
<kw name="Log" owner="BuiltIn" type="TEARDOWN">
<msg time="2024-09-05T12:29:23.828083" level="INFO">All FHIR Bundles and OpenEHR AQLs validated.</msg>
<arg>All FHIR Bundles and OpenEHR AQLs validated.</arg>
<doc>Logs the given message with the given level.</doc>
<status status="PASS" start="2024-09-05T12:29:23.827083" elapsed="0.001000"/>
</kw>
<doc>1. *LOAD* all the test cases from test_case_list.json file

2. *RUN* all the test cases for each bundle in a loop.

3. *CREATE* new EHR record

4. *CREATE* FHIR bundle json and post it to FHIR server

5. *VALIDATE* the FHIR response status

6. *CREATE* openEHR AQL and post it to openEHR server

7. *VALIDATE* the content of the AQL response.</doc>
<tag>bundle</tag>
<tag>bundle_create</tag>
<tag>create</tag>
<tag>fhir-bundle</tag>
<tag>not-implemented</tag>
<tag>not-ready</tag>
<tag>valid</tag>
<status status="FAIL" start="2024-09-05T12:29:23.821073" elapsed="0.007010">Setup failed:
No keyword with name 'fhirbridge.load test cases from json' found.</status>
</test>
<status status="FAIL" start="2024-09-05T12:29:23.813031" elapsed="0.017051"/>
</suite>
<status status="FAIL" start="2024-09-05T12:29:23.809014" elapsed="0.026834"/>
</suite>
<doc>_Copyright (c) 2020/2021 Wladislaw Wagner (Vitasystems GmbH), Peter Wohlfarth (Appsfactory GmbH),_
_Dave Petzold (Appsfactory GmbH), Pauline Schulz (Appsfactory GmbH) &amp;_
_Mathias Lenz (Appsfactory GmbH)_

---
This file is part of Project *EHRbase*

---
Licensed under the Apache License, Version 2.0 (the "License");
you may not use this file except in compliance with the License.

You may obtain a copy of the License at

---
http://www.apache.org/licenses/LICENSE-2.0 

---
Unless required by applicable law or agreed to in writing, software
distributed under the License is distributed on an "AS IS" BASIS,
WITHOUT WARRANTIES OR CONDITIONS OF ANY KIND, either express or implied.

See the License for the specific language governing permissions and
limitations under the License.</doc>
<status status="FAIL" start="2024-09-05T12:29:23.750455" elapsed="0.086401"/>
</suite>
<statistics>
<total>
<stat pass="0" fail="1" skip="0">All Tests</stat>
</total>
<tag>
<stat pass="0" fail="1" skip="0">bundle</stat>
<stat pass="0" fail="1" skip="0">bundle_create</stat>
<stat pass="0" fail="1" skip="0">create</stat>
<stat pass="0" fail="1" skip="0">fhir-bundle</stat>
<stat pass="0" fail="1" skip="0">not-implemented</stat>
<stat pass="0" fail="1" skip="0">not-ready</stat>
<stat pass="0" fail="1" skip="0">valid</stat>
</tag>
<suite>
<stat pass="0" fail="1" skip="0" id="s1" name="Robot">Robot</stat>
<stat pass="0" fail="1" skip="0" id="s1-s1" name="BUNDLE">Robot.BUNDLE</stat>
<stat pass="0" fail="1" skip="0" id="s1-s1-s1" name="Fhir Bridge Validation">Robot.BUNDLE.Fhir Bridge Validation</stat>
</suite>
</statistics>
<errors>
<msg time="2024-09-05T12:29:23.816027" level="ERROR">Error in file 'C:\Users\premsai.sameer_karki\Desktop\Projects\git_lab_repos\fhir-bridge\fhir-bridge-server\tests\robot\BUNDLE\fhir_bridge_validation.robot' on line 21: Resource file 'C:\Users\premsai.sameer_karki\Desktop\Projects\git_lab_repos\fhir-bridge\robot\_resources\suite_settings.robot' does not exist.</msg>
</errors>
</robot>
