<?xml version="1.0" encoding="UTF-8"?>
<robot generator="Robot 7.0.1 (Python 3.11.5 on win32)" generated="2024-10-08T15:43:35.882576" rpa="false" schemaversion="5">
<suite id="s1" name="Fhir Bridge Validation" source="C:\Users\premsai.sameer_karki\Desktop\Projects\git_lab_repos\fhir-bridge\fhir-bridge-server\tests\robot\BUNDLE\fhir_bridge_validation.robot">
<test id="s1-t1" name="001 Create FHIR Bundles" line="26">
<kw name="fhirbridge.load test cases from json" type="SETUP">
<msg time="2024-10-08T15:43:36.040681" level="FAIL">No keyword with name 'fhirbridge.load test cases from json' found.</msg>
<status status="FAIL" start="2024-10-08T15:43:36.040681" elapsed="0.000000">No keyword with name 'fhirbridge.load test cases from json' found.</status>
</kw>
<kw name="Log" owner="BuiltIn" type="TEARDOWN">
<msg time="2024-10-08T15:43:36.043007" level="INFO">All FHIR Bundles and OpenEHR AQLs validated.</msg>
<arg>All FHIR Bundles and OpenEHR AQLs validated.</arg>
<doc>Logs the given message with the given level.</doc>
<status status="PASS" start="2024-10-08T15:43:36.042498" elapsed="0.001045"/>
</kw>
<doc>1. *LOAD* all the test cases from test_case_list.json file

2. *RUN* all the test cases for each bundle in a loop.

3. *CREATE* new EHR record

4. *CREATE* FHIR bundle json and post it to FHIR server

5. *VALIDATE* the FHIR response status

6. *CREATE* openEHR AQL and post it to openEHR server

7. *VALIDATE* the content of the AQL response.</doc>
<tag>bundle_create</tag>
<tag>create</tag>
<tag>fhir-bundle</tag>
<tag>not-implemented</tag>
<tag>not-ready</tag>
<tag>valid</tag>
<status status="FAIL" start="2024-10-08T15:43:36.036203" elapsed="0.007960">Setup failed:
No keyword with name 'fhirbridge.load test cases from json' found.</status>
</test>
<status status="FAIL" start="2024-10-08T15:43:35.887960" elapsed="0.162577"/>
</suite>
<statistics>
<total>
<stat pass="0" fail="1" skip="0">All Tests</stat>
</total>
<tag>
<stat pass="0" fail="1" skip="0">bundle_create</stat>
<stat pass="0" fail="1" skip="0">create</stat>
<stat pass="0" fail="1" skip="0">fhir-bundle</stat>
<stat pass="0" fail="1" skip="0">not-implemented</stat>
<stat pass="0" fail="1" skip="0">not-ready</stat>
<stat pass="0" fail="1" skip="0">valid</stat>
</tag>
<suite>
<stat pass="0" fail="1" skip="0" id="s1" name="Fhir Bridge Validation">Fhir Bridge Validation</stat>
</suite>
</statistics>
<errors>
<msg time="2024-10-08T15:43:36.033444" level="ERROR">Error in file 'C:\Users\premsai.sameer_karki\Desktop\Projects\git_lab_repos\fhir-bridge\fhir-bridge-server\tests\robot\BUNDLE\fhir_bridge_validation.robot' on line 21: Resource file 'C:\Users\premsai.sameer_karki\Desktop\Projects\git_lab_repos\fhir-bridge\fhir-bridge-server\tests\robot\robot\_resources\suite_settings.robot' does not exist.</msg>
</errors>
</robot>
